<?xml version="1.0" encoding="UTF-8"?>
<testng-results skipped="0" failed="0" ignored="0" total="1" passed="1">
  <reporter-output>
  </reporter-output>
  <suite name="inetbanking_v3" duration-ms="36277" started-at="2022-08-05T16:42:21 IST" finished-at="2022-08-05T16:42:58 IST">
    <groups>
    </groups>
    <test name="BankingApp Test" duration-ms="36277" started-at="2022-08-05T16:42:21 IST" finished-at="2022-08-05T16:42:58 IST">
      <class name="com.inetbanking.testCases.TC_LoginTest_001">
        <test-method status="PASS" signature="setup(java.lang.String)[pri:0, instance:com.inetbanking.testCases.TC_LoginTest_001@2de8284b]" name="setup" is-config="true" duration-ms="12617" started-at="2022-08-05T16:42:21 IST" finished-at="2022-08-05T16:42:34 IST">
          <params>
            <param index="0">
              <value>
                <![CDATA[chrome]]>
              </value>
            </param>
          </params>
          <reporter-output>
          </reporter-output>
        </test-method> <!-- setup -->
        <test-method status="PASS" signature="LoginTest()[pri:0, instance:com.inetbanking.testCases.TC_LoginTest_001@2de8284b]" name="LoginTest" duration-ms="22544" started-at="2022-08-05T16:42:34 IST" finished-at="2022-08-05T16:42:56 IST">
          <reporter-output>
          </reporter-output>
        </test-method> <!-- LoginTest -->
        <test-method status="PASS" signature="tearDown()[pri:0, instance:com.inetbanking.testCases.TC_LoginTest_001@2de8284b]" name="tearDown" is-config="true" duration-ms="1061" started-at="2022-08-05T16:42:56 IST" finished-at="2022-08-05T16:42:58 IST">
          <reporter-output>
          </reporter-output>
        </test-method> <!-- tearDown -->
      </class> <!-- com.inetbanking.testCases.TC_LoginTest_001 -->
    </test> <!-- BankingApp Test -->
  </suite> <!-- inetbanking_v3 -->
</testng-results>
